<?xml version="1.0" encoding="UTF-8"?>
<!-- Generated by org.testng.reporters.JUnitReportReporter -->
<testsuite hostname="HQ-11393H840G5" failures="0" tests="3" name="com.jan23.commontests.SaleforceApplicationTeset" time="40.780" errors="0" timestamp="2023-02-07T23:00:02 PST" skipped="2">
  <testcase classname="com.jan23.commontests.SaleforceApplicationTeset" name="photoUpload" time="40.780"/>
  <system-out/>
  <testcase classname="com.jan23.commontests.SaleforceApplicationTeset" name="selectMyProfile">
    <skipped/>
  </testcase> <!-- selectMyProfile -->
  <system-out/>
  <testcase classname="com.jan23.commontests.SaleforceApplicationTeset" name="filevalidation">
    <skipped/>
  </testcase> <!-- filevalidation -->
  <system-out/>
</testsuite> <!-- com.jan23.commontests.SaleforceApplicationTeset -->
