<?xml version="1.0" encoding="UTF-8"?>
<!-- Generated by org.testng.reporters.JUnitReportReporter -->
<testsuite hostname="HQ-11393H840G5" failures="0" tests="1" name="com.jan23.commontests.FindAllLinks" time="58.947" errors="0" timestamp="2023-02-05T19:03:25 PST" skipped="0">
  <testcase classname="com.jan23.commontests.FindAllLinks" name="getLinks" time="58.947"/>
  <system-out/>
</testsuite> <!-- com.jan23.commontests.FindAllLinks -->
